[2025-12-22 10:05:15,963] INFO - Start preprocessing...
[2025-12-22 10:05:15,963] INFO - Raw dir: D:\Edge\MPNN1\data\raw
[2025-12-22 10:05:15,963] INFO - Processed dir: D:\Edge\MPNN1\data\processed
[2025-12-22 10:05:15,991] INFO - [RAW] file distribution (by extension)
  - webshell: total=880 | php=880 | asp=0 | other=0
  - normal: total=1288 | php=1288 | asp=0 | other=0
[2025-12-22 10:07:53,822] INFO - Build done. Meta: {'seed': 42, 'train_ratio': 0.8, 'val_ratio': 0.1, 'test_ratio': 0.1, 'raw_counts': {'webshell': 881, 'normal': 1288}, 'skipped': {'train': 7, 'val': 2, 'test': 1}, 'lang_counts': {'train': {'webshell': {'php': 696, 'asp': 1, 'other': 0}, 'normal': {'php': 1030, 'asp': 0, 'other': 0}}, 'val': {'webshell': {'php': 86, 'asp': 0, 'other': 0}, 'normal': {'php': 128, 'asp': 0, 'other': 0}}, 'test': {'webshell': {'php': 88, 'asp': 0, 'other': 0}, 'normal': {'php': 130, 'asp': 0, 'other': 0}}}, 'counts': {'train': 1727, 'val': 214, 'test': 218}}
[2025-12-22 10:07:55,376] INFO - [PROCESSED] train distribution (by d.lang)
  - webshell: total=697 | php=696 | asp=1 | other=0
  - normal: total=1030 | php=1030 | asp=0 | other=0
[2025-12-22 10:07:55,378] INFO - [PROCESSED] val distribution (by d.lang)
  - webshell: total=86 | php=86 | asp=0 | other=0
  - normal: total=128 | php=128 | asp=0 | other=0
[2025-12-22 10:07:55,381] INFO - [PROCESSED] test distribution (by d.lang)
  - webshell: total=88 | php=88 | asp=0 | other=0
  - normal: total=130 | php=130 | asp=0 | other=0
[2025-12-22 10:07:55,381] INFO - Preprocess finished.
[2025-12-22 11:05:02,924] INFO - Start preprocessing...
[2025-12-22 11:05:02,924] INFO - Raw dir: D:\Edge\MPNN1\data\raw
[2025-12-22 11:05:02,924] INFO - Processed dir: D:\Edge\MPNN1\data\processed
[2025-12-22 11:05:03,026] INFO - [RAW] file distribution (by extension)
  - webshell: total=880 | php=880 | asp=0 | other=0
  - normal: total=1288 | php=1288 | asp=0 | other=0
[2025-12-22 11:07:26,731] INFO - Build done. Meta: {'seed': 42, 'train_ratio': 0.8, 'val_ratio': 0.1, 'test_ratio': 0.1, 'raw_counts': {'webshell': 881, 'normal': 1288}, 'skipped': {'train': 7, 'val': 2, 'test': 1}, 'lang_counts': {'train': {'webshell': {'php': 696, 'asp': 1, 'other': 0}, 'normal': {'php': 1030, 'asp': 0, 'other': 0}}, 'val': {'webshell': {'php': 86, 'asp': 0, 'other': 0}, 'normal': {'php': 128, 'asp': 0, 'other': 0}}, 'test': {'webshell': {'php': 88, 'asp': 0, 'other': 0}, 'normal': {'php': 130, 'asp': 0, 'other': 0}}}, 'counts': {'train': 1727, 'val': 214, 'test': 218}}
[2025-12-22 11:07:27,947] INFO - [PROCESSED] train distribution (by d.lang)
  - webshell: total=697 | php=696 | asp=1 | other=0
  - normal: total=1030 | php=1030 | asp=0 | other=0
[2025-12-22 11:07:27,949] INFO - [PROCESSED] val distribution (by d.lang)
  - webshell: total=86 | php=86 | asp=0 | other=0
  - normal: total=128 | php=128 | asp=0 | other=0
[2025-12-22 11:07:27,952] INFO - [PROCESSED] test distribution (by d.lang)
  - webshell: total=88 | php=88 | asp=0 | other=0
  - normal: total=130 | php=130 | asp=0 | other=0
[2025-12-22 11:07:27,952] INFO - Preprocess finished.
[2025-12-22 14:18:39,725] INFO - Start preprocessing...
[2025-12-22 14:18:39,727] INFO - Raw dir: D:\Edge\MPNN1\data\raw
[2025-12-22 14:18:39,727] INFO - Processed dir: D:\Edge\MPNN1\data\processed
[2025-12-22 14:18:39,739] INFO - [RAW] file distribution (by extension)
  - webshell: total=1080 | php=880 | asp=0 | other=200
  - normal: total=1489 | php=1288 | asp=0 | other=201
[2025-12-22 14:21:11,221] INFO - Build done. Meta: {'seed': 42, 'train_ratio': 0.8, 'val_ratio': 0.1, 'test_ratio': 0.1, 'raw_counts': {'webshell': 1081, 'normal': 1489}, 'skipped': {'train': 16, 'val': 2, 'test': 2}, 'lang_counts': {'train': {'webshell': {'php': 701, 'asp': 154, 'other': 0}, 'normal': {'php': 1027, 'asp': 157, 'other': 0}}, 'val': {'webshell': {'php': 90, 'asp': 17, 'other': 0}, 'normal': {'php': 131, 'asp': 16, 'other': 0}}, 'test': {'webshell': {'php': 82, 'asp': 26, 'other': 0}, 'normal': {'php': 131, 'asp': 18, 'other': 0}}}, 'counts': {'train': 2039, 'val': 254, 'test': 257}}
[2025-12-22 14:21:12,586] INFO - [PROCESSED] train distribution (by d.lang)
  - webshell: total=855 | php=701 | asp=154 | other=0
  - normal: total=1184 | php=1027 | asp=157 | other=0
[2025-12-22 14:21:12,590] INFO - [PROCESSED] val distribution (by d.lang)
  - webshell: total=107 | php=90 | asp=17 | other=0
  - normal: total=147 | php=131 | asp=16 | other=0
[2025-12-22 14:21:12,594] INFO - [PROCESSED] test distribution (by d.lang)
  - webshell: total=108 | php=82 | asp=26 | other=0
  - normal: total=149 | php=131 | asp=18 | other=0
[2025-12-22 14:21:12,594] INFO - Preprocess finished.
[2025-12-22 16:27:00,731] INFO - Start preprocessing...
[2025-12-22 16:27:00,744] INFO - Raw dir: D:\Edge\MPNN1\data\raw
[2025-12-22 16:27:00,744] INFO - Processed dir: D:\Edge\MPNN1\data\processed
[2025-12-22 16:27:01,151] INFO - [RAW] file distribution (by extension)
  - webshell: total=1080 | php=880 | asp=0 | other=200
  - normal: total=1489 | php=1288 | asp=0 | other=201
[2025-12-22 16:29:48,790] INFO - Start preprocessing...
[2025-12-22 16:29:48,790] INFO - Raw dir: D:\Edge\MPNN1\data\raw
[2025-12-22 16:29:48,790] INFO - Processed dir: D:\Edge\MPNN1\data\processed
[2025-12-22 16:29:48,802] INFO - [RAW] file distribution (by extension)
  - webshell: total=1080 | php=880 | asp=0 | other=200
  - normal: total=1489 | php=1288 | asp=0 | other=201
[2025-12-22 17:32:26,623] INFO - Start preprocessing...
[2025-12-22 17:32:26,623] INFO - Raw dir: D:\Edge\MPNN1\data\raw
[2025-12-22 17:32:26,623] INFO - Processed dir: D:\Edge\MPNN1\data\processed
[2025-12-22 17:32:26,631] INFO - [RAW] file distribution (by extension)
  - webshell: total=325 | php=274 | asp=0 | other=51
  - normal: total=402 | php=201 | asp=0 | other=201
[2025-12-22 18:53:40,007] INFO - Build done. Meta: {'train': 581, 'val': 72, 'test': 74}
[2025-12-22 18:53:40,042] INFO - [PROCESSED] train distribution (by d.lang)
  - webshell: total=0 | php=0 | asp=0 | other=0
  - normal: total=0 | php=0 | asp=0 | other=0
[2025-12-22 18:53:40,043] INFO - [PROCESSED] val distribution (by d.lang)
  - webshell: total=0 | php=0 | asp=0 | other=0
  - normal: total=0 | php=0 | asp=0 | other=0
[2025-12-22 18:53:40,043] INFO - [PROCESSED] test distribution (by d.lang)
  - webshell: total=0 | php=0 | asp=0 | other=0
  - normal: total=0 | php=0 | asp=0 | other=0
[2025-12-22 18:53:40,043] INFO - Preprocess finished.
[2025-12-22 19:59:23,392] INFO - Start preprocessing...
[2025-12-22 19:59:23,414] INFO - Raw dir: D:\Edge\MPNN1\data\raw
[2025-12-22 19:59:23,414] INFO - Processed dir: D:\Edge\MPNN1\data\processed
[2025-12-22 19:59:23,414] INFO - [RAW] file distribution (by extension)
  - webshell: total=0 | php=0 | asp=0 | other=0
  - normal: total=0 | php=0 | asp=0 | other=0
[2025-12-22 20:04:04,736] INFO - Start preprocessing...
[2025-12-22 20:04:04,736] INFO - Raw dir: D:\Edge\MPNN1\data\raw
[2025-12-22 20:04:04,736] INFO - Processed dir: D:\Edge\MPNN1\data\processed
[2025-12-22 20:04:04,737] INFO - [RAW] file distribution (by extension)
  - webshell: total=0 | php=0 | asp=0 | other=0
  - normal: total=0 | php=0 | asp=0 | other=0
[2025-12-22 20:04:16,971] INFO - Build done. Meta: {}
[2025-12-22 20:05:08,614] INFO - Start preprocessing...
[2025-12-22 20:05:08,615] INFO - Raw dir: D:\Edge\MPNN1\data\raw
[2025-12-22 20:05:08,615] INFO - Processed dir: D:\Edge\MPNN1\data\processed
[2025-12-22 20:05:08,615] INFO - [RAW] file distribution (by extension)
  - webshell: total=0 | php=0 | asp=0 | other=0
  - normal: total=0 | php=0 | asp=0 | other=0
[2025-12-22 20:05:18,432] INFO - Build done. Meta: {}
[2025-12-22 20:07:45,650] INFO - Start preprocessing...
[2025-12-22 20:07:45,650] INFO - Raw dir: D:\Edge\MPNN1\data\raw
[2025-12-22 20:07:45,650] INFO - Processed dir: D:\Edge\MPNN1\data\processed
[2025-12-22 20:07:45,731] INFO - [RAW] file distribution (by extension)
  - webshell: total=325 | php=274 | asp=0 | other=51
  - normal: total=402 | php=201 | asp=0 | other=201
[2025-12-22 21:29:20,788] INFO - Build done. Meta: {'train': 581, 'val': 72, 'test': 74}
[2025-12-22 21:29:21,421] INFO - [PROCESSED] train distribution (by d.lang)
  - webshell: total=257 | php=0 | asp=0 | other=257
  - normal: total=314 | php=0 | asp=0 | other=314
[2025-12-22 21:29:21,421] INFO - [PROCESSED] val distribution (by d.lang)
  - webshell: total=37 | php=0 | asp=0 | other=37
  - normal: total=35 | php=0 | asp=0 | other=35
[2025-12-22 21:29:21,425] INFO - [PROCESSED] test distribution (by d.lang)
  - webshell: total=27 | php=0 | asp=0 | other=27
  - normal: total=46 | php=0 | asp=0 | other=46
[2025-12-22 21:29:21,425] INFO - Preprocess finished.
[2025-12-23 13:22:44,149] INFO - Start preprocessing...
[2025-12-23 13:22:44,174] INFO - Raw dir: D:\Edge\MPNN1\data\raw
[2025-12-23 13:22:44,174] INFO - Processed dir: D:\Edge\MPNN1\data\processed
[2025-12-23 13:22:44,181] INFO - [RAW] file distribution (by extension)
  - webshell: total=601 | php=201 | asp=0 | other=400
  - normal: total=645 | php=228 | asp=0 | other=417
[2025-12-23 14:38:52,427] INFO - Build done. Meta: {'train': 996, 'val': 124, 'test': 126}
[2025-12-23 14:38:56,960] INFO - [PROCESSED] train distribution (by d.lang)
  - webshell: total=469 | php=0 | asp=0 | other=469
  - normal: total=507 | php=0 | asp=0 | other=507
[2025-12-23 14:38:56,962] INFO - [PROCESSED] val distribution (by d.lang)
  - webshell: total=57 | php=0 | asp=0 | other=57
  - normal: total=64 | php=0 | asp=0 | other=64
[2025-12-23 14:38:56,966] INFO - [PROCESSED] test distribution (by d.lang)
  - webshell: total=60 | php=0 | asp=0 | other=60
  - normal: total=62 | php=0 | asp=0 | other=62
[2025-12-23 14:38:56,966] INFO - Preprocess finished.
