[2025-12-22 10:08:43,788] INFO - Device: cuda
[2025-12-22 10:08:57,961] INFO - Epoch 1/30 | train_loss=0.4364 | val_loss=0.2715 | acc=0.8738 f1=0.8235 prec=0.9403 rec=0.7326
[2025-12-22 10:08:58,029] INFO - Saved best model to: D:\Edge\MPNN1\checkpoints\im_mpnn_best.pt (best_f1=0.8235)
[2025-12-22 10:09:04,229] INFO - Epoch 2/30 | train_loss=0.3124 | val_loss=0.2887 | acc=0.8692 f1=0.8108 prec=0.9677 rec=0.6977
[2025-12-22 10:09:10,676] INFO - Epoch 3/30 | train_loss=0.3396 | val_loss=0.3246 | acc=0.8551 f1=0.7862 prec=0.9661 rec=0.6628
[2025-12-22 10:09:16,111] INFO - Epoch 4/30 | train_loss=0.2922 | val_loss=0.2958 | acc=0.8972 f1=0.8659 prec=0.9103 rec=0.8256
[2025-12-22 10:09:16,124] INFO - Saved best model to: D:\Edge\MPNN1\checkpoints\im_mpnn_best.pt (best_f1=0.8659)
[2025-12-22 10:09:21,420] INFO - Epoch 5/30 | train_loss=0.2805 | val_loss=0.2481 | acc=0.8879 f1=0.8442 prec=0.9559 rec=0.7558
[2025-12-22 10:09:27,096] INFO - Epoch 6/30 | train_loss=0.2788 | val_loss=0.2798 | acc=0.8925 f1=0.8516 prec=0.9565 rec=0.7674
[2025-12-22 10:09:33,188] INFO - Epoch 7/30 | train_loss=0.2708 | val_loss=0.2101 | acc=0.8925 f1=0.8497 prec=0.9701 rec=0.7558
[2025-12-22 10:09:39,135] INFO - Epoch 8/30 | train_loss=0.2788 | val_loss=0.2117 | acc=0.9159 f1=0.8875 prec=0.9595 rec=0.8256
[2025-12-22 10:09:39,182] INFO - Saved best model to: D:\Edge\MPNN1\checkpoints\im_mpnn_best.pt (best_f1=0.8875)
[2025-12-22 10:09:44,799] INFO - Epoch 9/30 | train_loss=0.2622 | val_loss=0.2226 | acc=0.9112 f1=0.8820 prec=0.9467 rec=0.8256
[2025-12-22 10:09:50,630] INFO - Epoch 10/30 | train_loss=0.2509 | val_loss=0.2133 | acc=0.9065 f1=0.8750 prec=0.9459 rec=0.8140
[2025-12-22 10:09:57,033] INFO - Epoch 11/30 | train_loss=0.2447 | val_loss=0.2600 | acc=0.9019 f1=0.8645 prec=0.9710 rec=0.7791
[2025-12-22 10:10:03,286] INFO - Epoch 12/30 | train_loss=0.2510 | val_loss=0.2323 | acc=0.9019 f1=0.8679 prec=0.9452 rec=0.8023
[2025-12-22 10:10:09,051] INFO - Epoch 13/30 | train_loss=0.2357 | val_loss=0.2063 | acc=0.9065 f1=0.8750 prec=0.9459 rec=0.8140
[2025-12-22 10:10:15,126] INFO - Epoch 14/30 | train_loss=0.2391 | val_loss=0.2095 | acc=0.9112 f1=0.8805 prec=0.9589 rec=0.8140
[2025-12-22 10:10:20,744] INFO - Epoch 15/30 | train_loss=0.2385 | val_loss=0.2118 | acc=0.9112 f1=0.8805 prec=0.9589 rec=0.8140
[2025-12-22 10:10:26,269] INFO - Epoch 16/30 | train_loss=0.2580 | val_loss=0.1966 | acc=0.9159 f1=0.8875 prec=0.9595 rec=0.8256
[2025-12-22 10:10:32,010] INFO - Epoch 17/30 | train_loss=0.2343 | val_loss=0.2013 | acc=0.9112 f1=0.8805 prec=0.9589 rec=0.8140
[2025-12-22 10:10:37,805] INFO - Epoch 18/30 | train_loss=0.2425 | val_loss=0.1920 | acc=0.9159 f1=0.8875 prec=0.9595 rec=0.8256
[2025-12-22 10:10:43,801] INFO - Epoch 19/30 | train_loss=0.2297 | val_loss=0.2063 | acc=0.9019 f1=0.8627 prec=0.9851 rec=0.7674
[2025-12-22 10:10:50,945] INFO - Epoch 20/30 | train_loss=0.2271 | val_loss=0.1883 | acc=0.9112 f1=0.8805 prec=0.9589 rec=0.8140
[2025-12-22 10:10:59,565] INFO - Epoch 21/30 | train_loss=0.2428 | val_loss=0.2043 | acc=0.9159 f1=0.8861 prec=0.9722 rec=0.8140
[2025-12-22 10:11:07,363] INFO - Epoch 22/30 | train_loss=0.2459 | val_loss=0.1973 | acc=0.9112 f1=0.8805 prec=0.9589 rec=0.8140
[2025-12-22 10:11:13,936] INFO - Epoch 23/30 | train_loss=0.2347 | val_loss=0.2143 | acc=0.9112 f1=0.8820 prec=0.9467 rec=0.8256
[2025-12-22 10:11:19,936] INFO - Epoch 24/30 | train_loss=0.2209 | val_loss=0.2424 | acc=0.9065 f1=0.8765 prec=0.9342 rec=0.8256
[2025-12-22 10:11:26,369] INFO - Epoch 25/30 | train_loss=0.2176 | val_loss=0.2682 | acc=0.8879 f1=0.8421 prec=0.9697 rec=0.7442
[2025-12-22 10:11:32,620] INFO - Epoch 26/30 | train_loss=0.2313 | val_loss=0.2003 | acc=0.9112 f1=0.8805 prec=0.9589 rec=0.8140
[2025-12-22 10:11:39,667] INFO - Epoch 27/30 | train_loss=0.2256 | val_loss=0.1908 | acc=0.9159 f1=0.8861 prec=0.9722 rec=0.8140
[2025-12-22 10:11:46,283] INFO - Epoch 28/30 | train_loss=0.2151 | val_loss=0.2089 | acc=0.9159 f1=0.8875 prec=0.9595 rec=0.8256
[2025-12-22 10:11:53,357] INFO - Epoch 29/30 | train_loss=0.2136 | val_loss=0.2163 | acc=0.9112 f1=0.8805 prec=0.9589 rec=0.8140
[2025-12-22 10:11:59,573] INFO - Epoch 30/30 | train_loss=0.2249 | val_loss=0.1940 | acc=0.9019 f1=0.8645 prec=0.9710 rec=0.7791
[2025-12-22 10:11:59,600] INFO - Loading best checkpoint: D:\Edge\MPNN1\checkpoints\im_mpnn_best.pt
[2025-12-22 10:11:59,888] INFO - [TEST] loss=0.2875 acc=0.8945 f1=0.8516 prec=0.9851 rec=0.7500
[2025-12-22 11:09:27,138] INFO - Device: cuda
[2025-12-22 11:11:47,281] INFO - Device: cuda
[2025-12-22 11:11:54,020] INFO - Epoch 1/30 | train_loss=0.4383 | val_loss=0.2905 | acc=0.8879 f1=0.8462 prec=0.9429 rec=0.7674
[2025-12-22 11:11:54,026] INFO - Saved best model to: D:\Edge\MPNN1\checkpoints\im_mpnn_best.pt (best_f1=0.8462)
[2025-12-22 11:11:59,031] INFO - Epoch 2/30 | train_loss=0.3169 | val_loss=0.2494 | acc=0.8551 f1=0.8410 prec=0.7523 rec=0.9535
[2025-12-22 11:12:03,943] INFO - Epoch 3/30 | train_loss=0.3112 | val_loss=0.2479 | acc=0.8551 f1=0.8360 prec=0.7670 rec=0.9186
[2025-12-22 11:12:09,204] INFO - Epoch 4/30 | train_loss=0.2769 | val_loss=0.2525 | acc=0.8832 f1=0.8503 prec=0.8765 rec=0.8256
[2025-12-22 11:12:09,259] INFO - Saved best model to: D:\Edge\MPNN1\checkpoints\im_mpnn_best.pt (best_f1=0.8503)
[2025-12-22 11:12:14,516] INFO - Epoch 5/30 | train_loss=0.2843 | val_loss=0.2458 | acc=0.8318 f1=0.8252 prec=0.7083 rec=0.9884
[2025-12-22 11:12:19,624] INFO - Epoch 6/30 | train_loss=0.2718 | val_loss=0.2319 | acc=0.8692 f1=0.8542 prec=0.7736 rec=0.9535
[2025-12-22 11:12:19,638] INFO - Saved best model to: D:\Edge\MPNN1\checkpoints\im_mpnn_best.pt (best_f1=0.8542)
[2025-12-22 11:12:24,963] INFO - Epoch 7/30 | train_loss=0.2751 | val_loss=0.2014 | acc=0.8832 f1=0.8691 prec=0.7905 rec=0.9651
[2025-12-22 11:12:24,978] INFO - Saved best model to: D:\Edge\MPNN1\checkpoints\im_mpnn_best.pt (best_f1=0.8691)
[2025-12-22 11:12:30,115] INFO - Epoch 8/30 | train_loss=0.2808 | val_loss=0.2322 | acc=0.8692 f1=0.8542 prec=0.7736 rec=0.9535
[2025-12-22 11:12:35,369] INFO - Epoch 9/30 | train_loss=0.2599 | val_loss=0.2147 | acc=0.9112 f1=0.8820 prec=0.9467 rec=0.8256
[2025-12-22 11:12:35,420] INFO - Saved best model to: D:\Edge\MPNN1\checkpoints\im_mpnn_best.pt (best_f1=0.8820)
[2025-12-22 11:12:40,623] INFO - Epoch 10/30 | train_loss=0.2473 | val_loss=0.2222 | acc=0.8692 f1=0.8571 prec=0.7636 rec=0.9767
[2025-12-22 11:12:46,035] INFO - Epoch 11/30 | train_loss=0.2553 | val_loss=0.2463 | acc=0.8692 f1=0.8495 prec=0.7900 rec=0.9186
[2025-12-22 11:12:51,187] INFO - Epoch 12/30 | train_loss=0.2470 | val_loss=0.2210 | acc=0.8738 f1=0.8601 prec=0.7757 rec=0.9651
[2025-12-22 11:12:56,525] INFO - Epoch 13/30 | train_loss=0.2327 | val_loss=0.2064 | acc=0.8645 f1=0.8513 prec=0.7615 rec=0.9651
[2025-12-22 11:13:01,775] INFO - Epoch 14/30 | train_loss=0.2452 | val_loss=0.2088 | acc=0.8785 f1=0.8660 prec=0.7778 rec=0.9767
[2025-12-22 11:13:07,217] INFO - Epoch 15/30 | train_loss=0.2541 | val_loss=0.2076 | acc=0.9112 f1=0.8805 prec=0.9589 rec=0.8140
[2025-12-22 11:13:12,733] INFO - Epoch 16/30 | train_loss=0.2501 | val_loss=0.2031 | acc=0.8738 f1=0.8601 prec=0.7757 rec=0.9651
[2025-12-22 11:13:18,074] INFO - Epoch 17/30 | train_loss=0.2354 | val_loss=0.1973 | acc=0.8458 f1=0.8358 prec=0.7304 rec=0.9767
[2025-12-22 11:13:23,522] INFO - Epoch 18/30 | train_loss=0.2432 | val_loss=0.1903 | acc=0.8738 f1=0.8586 prec=0.7810 rec=0.9535
[2025-12-22 11:13:29,061] INFO - Epoch 19/30 | train_loss=0.2315 | val_loss=0.2085 | acc=0.8645 f1=0.8497 prec=0.7664 rec=0.9535
[2025-12-22 11:13:34,404] INFO - Epoch 20/30 | train_loss=0.2185 | val_loss=0.1953 | acc=0.8738 f1=0.8571 prec=0.7864 rec=0.9419
[2025-12-22 11:13:40,036] INFO - Epoch 21/30 | train_loss=0.2421 | val_loss=0.2137 | acc=0.8645 f1=0.8513 prec=0.7615 rec=0.9651
[2025-12-22 11:13:45,514] INFO - Epoch 22/30 | train_loss=0.2516 | val_loss=0.1999 | acc=0.8738 f1=0.8571 prec=0.7864 rec=0.9419
[2025-12-22 11:13:51,036] INFO - Epoch 23/30 | train_loss=0.2464 | val_loss=0.2112 | acc=0.8785 f1=0.8646 prec=0.7830 rec=0.9651
[2025-12-22 11:13:56,812] INFO - Epoch 24/30 | train_loss=0.2209 | val_loss=0.2262 | acc=0.8738 f1=0.8615 prec=0.7706 rec=0.9767
[2025-12-22 11:14:02,922] INFO - Epoch 25/30 | train_loss=0.2221 | val_loss=0.2351 | acc=0.8738 f1=0.8571 prec=0.7864 rec=0.9419
[2025-12-22 11:14:08,955] INFO - Epoch 26/30 | train_loss=0.2229 | val_loss=0.1985 | acc=0.8645 f1=0.8513 prec=0.7615 rec=0.9651
[2025-12-22 11:14:15,246] INFO - Epoch 27/30 | train_loss=0.2353 | val_loss=0.2008 | acc=0.8785 f1=0.8632 prec=0.7885 rec=0.9535
[2025-12-22 11:14:21,106] INFO - Epoch 28/30 | train_loss=0.2182 | val_loss=0.2232 | acc=0.8738 f1=0.8601 prec=0.7757 rec=0.9651
[2025-12-22 11:14:26,953] INFO - Epoch 29/30 | train_loss=0.2216 | val_loss=0.2052 | acc=0.8692 f1=0.8571 prec=0.7636 rec=0.9767
[2025-12-22 11:14:33,448] INFO - Epoch 30/30 | train_loss=0.2184 | val_loss=0.2283 | acc=0.8692 f1=0.8526 prec=0.7788 rec=0.9419
[2025-12-22 11:14:33,449] INFO - Loading best checkpoint: D:\Edge\MPNN1\checkpoints\im_mpnn_best.pt
[2025-12-22 11:14:33,704] INFO - [TEST] loss=0.2476 acc=0.8945 f1=0.8553 prec=0.9577 rec=0.7727
[2025-12-22 14:09:57,315] INFO - Device: cuda
[2025-12-22 14:10:04,030] INFO - Epoch 1/30 | train_loss=0.4412 | val_loss=0.2692 | acc=0.8598 f1=0.8485 prec=0.7500 rec=0.9767
[2025-12-22 14:10:04,103] INFO - Saved best model to: D:\Edge\MPNN1\checkpoints\im_mpnn_best.pt (best_f1=0.8485)
[2025-12-22 14:10:08,921] INFO - Epoch 2/30 | train_loss=0.3268 | val_loss=0.2887 | acc=0.8271 f1=0.8141 prec=0.7168 rec=0.9419
[2025-12-22 14:10:13,849] INFO - Epoch 3/30 | train_loss=0.3302 | val_loss=0.3053 | acc=0.8271 f1=0.8141 prec=0.7168 rec=0.9419
[2025-12-22 14:10:18,766] INFO - Epoch 4/30 | train_loss=0.2910 | val_loss=0.2769 | acc=0.7196 f1=0.7414 prec=0.5890 rec=1.0000
[2025-12-22 14:10:23,630] INFO - Epoch 5/30 | train_loss=0.2806 | val_loss=0.2410 | acc=0.8271 f1=0.8213 prec=0.7025 rec=0.9884
[2025-12-22 14:10:28,721] INFO - Epoch 6/30 | train_loss=0.2764 | val_loss=0.3000 | acc=0.8411 f1=0.8229 prec=0.7453 rec=0.9186
[2025-12-22 14:10:33,574] INFO - Epoch 7/30 | train_loss=0.2691 | val_loss=0.2035 | acc=0.8505 f1=0.8416 prec=0.7328 rec=0.9884
[2025-12-22 14:10:38,538] INFO - Epoch 8/30 | train_loss=0.2770 | val_loss=0.2214 | acc=0.8645 f1=0.8528 prec=0.7568 rec=0.9767
[2025-12-22 14:10:38,602] INFO - Saved best model to: D:\Edge\MPNN1\checkpoints\im_mpnn_best.pt (best_f1=0.8528)
[2025-12-22 14:10:43,781] INFO - Epoch 9/30 | train_loss=0.2628 | val_loss=0.2330 | acc=0.8271 f1=0.8213 prec=0.7025 rec=0.9884
[2025-12-22 14:10:48,837] INFO - Epoch 10/30 | train_loss=0.2484 | val_loss=0.2136 | acc=0.8271 f1=0.8213 prec=0.7025 rec=0.9884
[2025-12-22 14:10:54,021] INFO - Epoch 11/30 | train_loss=0.2461 | val_loss=0.2184 | acc=0.8692 f1=0.8557 prec=0.7685 rec=0.9651
[2025-12-22 14:10:54,033] INFO - Saved best model to: D:\Edge\MPNN1\checkpoints\im_mpnn_best.pt (best_f1=0.8557)
[2025-12-22 14:10:59,179] INFO - Epoch 12/30 | train_loss=0.2506 | val_loss=0.2160 | acc=0.8178 f1=0.8134 prec=0.6911 rec=0.9884
[2025-12-22 14:11:04,380] INFO - Epoch 13/30 | train_loss=0.2336 | val_loss=0.2112 | acc=0.8037 f1=0.8019 prec=0.6746 rec=0.9884
[2025-12-22 14:11:09,565] INFO - Epoch 14/30 | train_loss=0.2464 | val_loss=0.2349 | acc=0.8178 f1=0.8134 prec=0.6911 rec=0.9884
[2025-12-22 14:11:15,040] INFO - Epoch 15/30 | train_loss=0.2423 | val_loss=0.1966 | acc=0.8738 f1=0.8615 prec=0.7706 rec=0.9767
[2025-12-22 14:11:15,055] INFO - Saved best model to: D:\Edge\MPNN1\checkpoints\im_mpnn_best.pt (best_f1=0.8615)
[2025-12-22 14:11:20,810] INFO - Epoch 16/30 | train_loss=0.2390 | val_loss=0.1925 | acc=0.8271 f1=0.8213 prec=0.7025 rec=0.9884
[2025-12-22 14:11:26,262] INFO - Epoch 17/30 | train_loss=0.2285 | val_loss=0.2032 | acc=0.8364 f1=0.8276 prec=0.7179 rec=0.9767
[2025-12-22 14:11:32,334] INFO - Epoch 18/30 | train_loss=0.2251 | val_loss=0.1973 | acc=0.8224 f1=0.8173 prec=0.6967 rec=0.9884
[2025-12-22 14:11:38,066] INFO - Epoch 19/30 | train_loss=0.2428 | val_loss=0.2457 | acc=0.8318 f1=0.8200 prec=0.7193 rec=0.9535
[2025-12-22 14:11:43,843] INFO - Epoch 20/30 | train_loss=0.2309 | val_loss=0.1945 | acc=0.8318 f1=0.8252 prec=0.7083 rec=0.9884
[2025-12-22 14:11:49,766] INFO - Epoch 21/30 | train_loss=0.2439 | val_loss=0.2165 | acc=0.8411 f1=0.8317 prec=0.7241 rec=0.9767
[2025-12-22 14:11:55,770] INFO - Epoch 22/30 | train_loss=0.2475 | val_loss=0.2123 | acc=0.8318 f1=0.8235 prec=0.7119 rec=0.9767
[2025-12-22 14:12:03,618] INFO - Epoch 23/30 | train_loss=0.2313 | val_loss=0.2106 | acc=0.8551 f1=0.8426 prec=0.7477 rec=0.9651
[2025-12-22 14:12:09,866] INFO - Epoch 24/30 | train_loss=0.2275 | val_loss=0.2470 | acc=0.8224 f1=0.8155 prec=0.7000 rec=0.9767
[2025-12-22 14:12:16,519] INFO - Epoch 25/30 | train_loss=0.2170 | val_loss=0.2939 | acc=0.8131 f1=0.8039 prec=0.6949 rec=0.9535
[2025-12-22 14:12:22,856] INFO - Epoch 26/30 | train_loss=0.2265 | val_loss=0.1985 | acc=0.8318 f1=0.8252 prec=0.7083 rec=0.9884
[2025-12-22 14:12:29,454] INFO - Epoch 27/30 | train_loss=0.2318 | val_loss=0.1894 | acc=0.8271 f1=0.8195 prec=0.7059 rec=0.9767
[2025-12-22 14:12:37,855] INFO - Epoch 28/30 | train_loss=0.2274 | val_loss=0.2143 | acc=0.8738 f1=0.8615 prec=0.7706 rec=0.9767
[2025-12-22 14:12:44,812] INFO - Epoch 29/30 | train_loss=0.2159 | val_loss=0.1970 | acc=0.8458 f1=0.8358 prec=0.7304 rec=0.9767
[2025-12-22 14:12:51,898] INFO - Epoch 30/30 | train_loss=0.2245 | val_loss=0.1992 | acc=0.8692 f1=0.8571 prec=0.7636 rec=0.9767
[2025-12-22 14:12:51,899] INFO - Loading best checkpoint: D:\Edge\MPNN1\checkpoints\im_mpnn_best.pt
[2025-12-22 14:12:52,163] INFO - [TEST] loss=0.2712 acc=0.8578 f1=0.8410 prec=0.7664 rec=0.9318
[2025-12-22 14:21:32,164] INFO - Device: cuda
[2025-12-22 14:21:40,689] INFO - Epoch 1/30 | train_loss=0.4875 | val_loss=0.4055 | acc=0.4213 f1=0.5928 prec=0.4213 rec=1.0000
[2025-12-22 14:21:40,734] INFO - Saved best model to: D:\Edge\MPNN1\checkpoints\im_mpnn_best.pt (best_f1=0.5928)
[2025-12-22 14:21:46,999] INFO - Epoch 2/30 | train_loss=0.4199 | val_loss=0.3733 | acc=0.7520 f1=0.7568 prec=0.6447 rec=0.9159
[2025-12-22 14:21:47,015] INFO - Saved best model to: D:\Edge\MPNN1\checkpoints\im_mpnn_best.pt (best_f1=0.7568)
[2025-12-22 14:21:53,486] INFO - Epoch 3/30 | train_loss=0.3917 | val_loss=0.3659 | acc=0.7126 f1=0.7266 prec=0.6062 rec=0.9065
[2025-12-22 14:21:59,952] INFO - Epoch 4/30 | train_loss=0.3456 | val_loss=0.4205 | acc=0.8386 f1=0.8178 prec=0.7797 rec=0.8598
[2025-12-22 14:21:59,968] INFO - Saved best model to: D:\Edge\MPNN1\checkpoints\im_mpnn_best.pt (best_f1=0.8178)
[2025-12-22 14:22:06,597] INFO - Epoch 5/30 | train_loss=0.3398 | val_loss=0.4277 | acc=0.7480 f1=0.7594 prec=0.6352 rec=0.9439
[2025-12-22 14:22:13,005] INFO - Epoch 6/30 | train_loss=0.3403 | val_loss=0.7555 | acc=0.6339 f1=0.6951 prec=0.5354 rec=0.9907
[2025-12-22 14:22:19,684] INFO - Epoch 7/30 | train_loss=0.3438 | val_loss=0.3542 | acc=0.7756 f1=0.7765 prec=0.6689 rec=0.9252
[2025-12-22 14:22:26,435] INFO - Epoch 8/30 | train_loss=0.3232 | val_loss=0.3638 | acc=0.7992 f1=0.7935 prec=0.7000 rec=0.9159
[2025-12-22 14:22:33,293] INFO - Epoch 9/30 | train_loss=0.3175 | val_loss=0.4151 | acc=0.7992 f1=0.7830 prec=0.7188 rec=0.8598
[2025-12-22 14:22:40,062] INFO - Epoch 10/30 | train_loss=0.3222 | val_loss=0.3831 | acc=0.7362 f1=0.7564 prec=0.6190 rec=0.9720
[2025-12-22 14:22:46,759] INFO - Epoch 11/30 | train_loss=0.3220 | val_loss=0.3860 | acc=0.7992 f1=0.7848 prec=0.7154 rec=0.8692
[2025-12-22 14:22:53,860] INFO - Epoch 12/30 | train_loss=0.3200 | val_loss=0.3401 | acc=0.7953 f1=0.7920 prec=0.6923 rec=0.9252
[2025-12-22 14:23:00,914] INFO - Epoch 13/30 | train_loss=0.3112 | val_loss=0.3643 | acc=0.8071 f1=0.8063 prec=0.6986 rec=0.9533
[2025-12-22 14:23:07,838] INFO - Epoch 14/30 | train_loss=0.3011 | val_loss=0.3372 | acc=0.8031 f1=0.7967 prec=0.7050 rec=0.9159
[2025-12-22 14:23:14,846] INFO - Epoch 15/30 | train_loss=0.3164 | val_loss=0.3292 | acc=0.7756 f1=0.7849 prec=0.6582 rec=0.9720
[2025-12-22 14:23:21,809] INFO - Epoch 16/30 | train_loss=0.3019 | val_loss=0.3645 | acc=0.8228 f1=0.8052 prec=0.7500 rec=0.8692
[2025-12-22 14:23:28,970] INFO - Epoch 17/30 | train_loss=0.2839 | val_loss=0.5125 | acc=0.8307 f1=0.8089 prec=0.7712 rec=0.8505
[2025-12-22 14:23:36,110] INFO - Epoch 18/30 | train_loss=0.3088 | val_loss=0.3971 | acc=0.7913 f1=0.7985 prec=0.6731 rec=0.9813
[2025-12-22 14:23:43,156] INFO - Epoch 19/30 | train_loss=0.2866 | val_loss=0.3581 | acc=0.8150 f1=0.8127 prec=0.7083 rec=0.9533
[2025-12-22 14:23:50,313] INFO - Epoch 20/30 | train_loss=0.2871 | val_loss=0.4788 | acc=0.8110 f1=0.8080 prec=0.7063 rec=0.9439
[2025-12-22 14:23:57,453] INFO - Epoch 21/30 | train_loss=0.3056 | val_loss=0.3705 | acc=0.8031 f1=0.7899 prec=0.7176 rec=0.8785
[2025-12-22 14:24:05,000] INFO - Epoch 22/30 | train_loss=0.2855 | val_loss=0.4313 | acc=0.8031 f1=0.7863 prec=0.7244 rec=0.8598
[2025-12-22 14:24:12,432] INFO - Epoch 23/30 | train_loss=0.2863 | val_loss=0.3459 | acc=0.8031 f1=0.7934 prec=0.7111 rec=0.8972
[2025-12-22 14:24:19,810] INFO - Epoch 24/30 | train_loss=0.2650 | val_loss=0.4233 | acc=0.8307 f1=0.8089 prec=0.7712 rec=0.8505
[2025-12-22 14:24:27,181] INFO - Epoch 25/30 | train_loss=0.2784 | val_loss=0.3843 | acc=0.8110 f1=0.7913 prec=0.7398 rec=0.8505
[2025-12-22 14:24:35,049] INFO - Epoch 26/30 | train_loss=0.2747 | val_loss=0.3633 | acc=0.8228 f1=0.8148 prec=0.7279 rec=0.9252
[2025-12-22 14:24:42,968] INFO - Epoch 27/30 | train_loss=0.2786 | val_loss=0.3888 | acc=0.8071 f1=0.7822 prec=0.7458 rec=0.8224
[2025-12-22 14:24:50,574] INFO - Epoch 28/30 | train_loss=0.2917 | val_loss=0.4268 | acc=0.8189 f1=0.7928 prec=0.7652 rec=0.8224
[2025-12-22 14:24:58,251] INFO - Epoch 29/30 | train_loss=0.2683 | val_loss=0.3211 | acc=0.8031 f1=0.8031 prec=0.6939 rec=0.9533
[2025-12-22 14:25:06,283] INFO - Epoch 30/30 | train_loss=0.2628 | val_loss=0.3676 | acc=0.7913 f1=0.7888 prec=0.6875 rec=0.9252
[2025-12-22 14:25:06,283] INFO - Loading best checkpoint: D:\Edge\MPNN1\checkpoints\im_mpnn_best.pt
[2025-12-22 14:25:06,739] INFO - [TEST] loss=0.4086 acc=0.7938 f1=0.7801 prec=0.7068 rec=0.8704
[2025-12-22 14:25:45,965] INFO - Device: cuda
[2025-12-22 14:25:56,288] INFO - Epoch 1/30 | train_loss=0.4846 | val_loss=0.4252 | acc=0.4213 f1=0.5928 prec=0.4213 rec=1.0000
[2025-12-22 14:25:56,306] INFO - Saved best model to: D:\Edge\MPNN1\checkpoints\im_mpnn_best.pt (best_f1=0.5928)
[2025-12-22 14:26:04,026] INFO - Epoch 2/30 | train_loss=0.4188 | val_loss=0.3642 | acc=0.5787 f1=0.6646 prec=0.5000 rec=0.9907
[2025-12-22 14:26:04,042] INFO - Saved best model to: D:\Edge\MPNN1\checkpoints\im_mpnn_best.pt (best_f1=0.6646)
[2025-12-22 14:26:12,001] INFO - Epoch 3/30 | train_loss=0.3914 | val_loss=0.3620 | acc=0.7008 f1=0.7206 prec=0.5939 rec=0.9159
[2025-12-22 14:26:12,018] INFO - Saved best model to: D:\Edge\MPNN1\checkpoints\im_mpnn_best.pt (best_f1=0.7206)
[2025-12-22 14:26:19,865] INFO - Epoch 4/30 | train_loss=0.3497 | val_loss=0.3770 | acc=0.7992 f1=0.7918 prec=0.7029 rec=0.9065
[2025-12-22 14:26:19,881] INFO - Saved best model to: D:\Edge\MPNN1\checkpoints\im_mpnn_best.pt (best_f1=0.7918)
[2025-12-22 14:26:28,129] INFO - Epoch 5/30 | train_loss=0.3394 | val_loss=0.3708 | acc=0.7520 f1=0.7640 prec=0.6375 rec=0.9533
[2025-12-22 14:26:35,935] INFO - Epoch 6/30 | train_loss=0.3404 | val_loss=0.3832 | acc=0.7913 f1=0.7854 prec=0.6929 rec=0.9065
[2025-12-22 14:26:43,731] INFO - Epoch 7/30 | train_loss=0.3324 | val_loss=0.3432 | acc=0.7520 f1=0.7658 prec=0.6358 rec=0.9626
[2025-12-22 14:26:52,155] INFO - Epoch 8/30 | train_loss=0.3216 | val_loss=0.3702 | acc=0.7992 f1=0.7901 prec=0.7059 rec=0.8972
[2025-12-22 14:27:00,951] INFO - Epoch 9/30 | train_loss=0.3194 | val_loss=0.3645 | acc=0.7992 f1=0.7918 prec=0.7029 rec=0.9065
[2025-12-22 14:27:09,291] INFO - Epoch 10/30 | train_loss=0.3219 | val_loss=0.4073 | acc=0.6299 f1=0.6928 prec=0.5327 rec=0.9907
[2025-12-22 14:27:17,990] INFO - Epoch 11/30 | train_loss=0.3169 | val_loss=0.4084 | acc=0.8071 f1=0.7932 prec=0.7231 rec=0.8785
[2025-12-22 14:27:18,039] INFO - Saved best model to: D:\Edge\MPNN1\checkpoints\im_mpnn_best.pt (best_f1=0.7932)
[2025-12-22 14:27:25,875] INFO - Epoch 12/30 | train_loss=0.3078 | val_loss=0.4236 | acc=0.7087 f1=0.7394 prec=0.5932 rec=0.9813
[2025-12-22 14:27:33,969] INFO - Epoch 13/30 | train_loss=0.3176 | val_loss=0.3292 | acc=0.7441 f1=0.7601 prec=0.6280 rec=0.9626
[2025-12-22 14:27:41,798] INFO - Epoch 14/30 | train_loss=0.3036 | val_loss=0.3022 | acc=0.7480 f1=0.7681 prec=0.6272 rec=0.9907
[2025-12-22 14:27:49,782] INFO - Epoch 15/30 | train_loss=0.3064 | val_loss=0.3756 | acc=0.7756 f1=0.7865 prec=0.6562 rec=0.9813
[2025-12-22 14:27:57,751] INFO - Epoch 16/30 | train_loss=0.3036 | val_loss=0.3685 | acc=0.8110 f1=0.7983 prec=0.7252 rec=0.8879
[2025-12-22 14:27:57,766] INFO - Saved best model to: D:\Edge\MPNN1\checkpoints\im_mpnn_best.pt (best_f1=0.7983)
[2025-12-22 14:28:05,628] INFO - Epoch 17/30 | train_loss=0.2906 | val_loss=0.4577 | acc=0.8307 f1=0.8139 prec=0.7581 rec=0.8785
[2025-12-22 14:28:05,683] INFO - Saved best model to: D:\Edge\MPNN1\checkpoints\im_mpnn_best.pt (best_f1=0.8139)
[2025-12-22 14:28:13,634] INFO - Epoch 18/30 | train_loss=0.3046 | val_loss=0.4393 | acc=0.7283 f1=0.7527 prec=0.6105 rec=0.9813
[2025-12-22 14:28:21,790] INFO - Epoch 19/30 | train_loss=0.2994 | val_loss=0.3333 | acc=0.7559 f1=0.7704 prec=0.6380 rec=0.9720
[2025-12-22 14:28:29,421] INFO - Epoch 20/30 | train_loss=0.2812 | val_loss=0.3983 | acc=0.8071 f1=0.8016 prec=0.7071 rec=0.9252
[2025-12-22 14:28:37,369] INFO - Epoch 21/30 | train_loss=0.2918 | val_loss=0.3253 | acc=0.7205 f1=0.7455 prec=0.6047 rec=0.9720
[2025-12-22 14:28:45,166] INFO - Epoch 22/30 | train_loss=0.2936 | val_loss=0.3677 | acc=0.7795 f1=0.7778 prec=0.6759 rec=0.9159
[2025-12-22 14:28:53,408] INFO - Epoch 23/30 | train_loss=0.2816 | val_loss=0.3688 | acc=0.8071 f1=0.7950 prec=0.7197 rec=0.8879
[2025-12-22 14:29:01,474] INFO - Epoch 24/30 | train_loss=0.2694 | val_loss=0.4012 | acc=0.8189 f1=0.8067 prec=0.7328 rec=0.8972
[2025-12-22 14:29:09,407] INFO - Epoch 25/30 | train_loss=0.2732 | val_loss=0.5268 | acc=0.8031 f1=0.7826 prec=0.7317 rec=0.8411
[2025-12-22 14:29:17,309] INFO - Epoch 26/30 | train_loss=0.2700 | val_loss=0.3692 | acc=0.8268 f1=0.8211 prec=0.7266 rec=0.9439
[2025-12-22 14:29:17,352] INFO - Saved best model to: D:\Edge\MPNN1\checkpoints\im_mpnn_best.pt (best_f1=0.8211)
[2025-12-22 14:29:25,100] INFO - Epoch 27/30 | train_loss=0.2670 | val_loss=0.4753 | acc=0.8228 f1=0.8052 prec=0.7500 rec=0.8692
[2025-12-22 14:29:33,022] INFO - Epoch 28/30 | train_loss=0.2786 | val_loss=0.3720 | acc=0.7835 f1=0.7826 prec=0.6781 rec=0.9252
[2025-12-22 14:29:40,655] INFO - Epoch 29/30 | train_loss=0.2694 | val_loss=0.3535 | acc=0.7795 f1=0.7863 prec=0.6645 rec=0.9626
[2025-12-22 14:29:49,113] INFO - Epoch 30/30 | train_loss=0.2821 | val_loss=0.4086 | acc=0.7992 f1=0.7848 prec=0.7154 rec=0.8692
[2025-12-22 14:29:49,114] INFO - Loading best checkpoint: D:\Edge\MPNN1\checkpoints\im_mpnn_best.pt
[2025-12-22 14:29:49,459] INFO - [TEST] loss=0.3018 acc=0.7938 f1=0.8000 prec=0.6752 rec=0.9815
[2025-12-22 14:35:53,739] INFO - Device: cuda
[2025-12-22 14:36:02,610] INFO - Epoch 1/30 | train_loss=0.4851 | val_loss=0.4421 | acc=0.8346 f1=0.7789 prec=0.8916 rec=0.6916
[2025-12-22 14:36:02,631] INFO - Saved best model to: D:\Edge\MPNN1\checkpoints\im_mpnn_best.pt (best_f1=0.7789)
[2025-12-22 14:36:09,225] INFO - Epoch 2/30 | train_loss=0.4201 | val_loss=0.4078 | acc=0.8307 f1=0.7701 prec=0.9000 rec=0.6729
[2025-12-22 14:36:16,159] INFO - Epoch 3/30 | train_loss=0.4014 | val_loss=0.3788 | acc=0.8386 f1=0.7709 prec=0.9583 rec=0.6449
[2025-12-22 14:36:22,824] INFO - Epoch 4/30 | train_loss=0.3518 | val_loss=0.3501 | acc=0.8386 f1=0.7684 prec=0.9714 rec=0.6355
[2025-12-22 14:36:29,487] INFO - Epoch 5/30 | train_loss=0.3380 | val_loss=0.3528 | acc=0.8583 f1=0.8125 prec=0.9176 rec=0.7290
[2025-12-22 14:36:29,539] INFO - Saved best model to: D:\Edge\MPNN1\checkpoints\im_mpnn_best.pt (best_f1=0.8125)
[2025-12-22 14:36:36,317] INFO - Epoch 6/30 | train_loss=0.3429 | val_loss=0.3477 | acc=0.8583 f1=0.8125 prec=0.9176 rec=0.7290
[2025-12-22 14:36:43,741] INFO - Epoch 7/30 | train_loss=0.3345 | val_loss=0.3409 | acc=0.8583 f1=0.8105 prec=0.9277 rec=0.7196
[2025-12-22 14:36:51,026] INFO - Epoch 8/30 | train_loss=0.3220 | val_loss=0.3649 | acc=0.8307 f1=0.7676 prec=0.9103 rec=0.6636
[2025-12-22 14:36:58,523] INFO - Epoch 9/30 | train_loss=0.3171 | val_loss=0.3771 | acc=0.8465 f1=0.7845 prec=0.9595 rec=0.6636
[2025-12-22 14:37:06,248] INFO - Epoch 10/30 | train_loss=0.3262 | val_loss=0.3875 | acc=0.8425 f1=0.8077 prec=0.8317 rec=0.7850
[2025-12-22 14:37:14,103] INFO - Epoch 11/30 | train_loss=0.3220 | val_loss=0.3659 | acc=0.8386 f1=0.7760 prec=0.9342 rec=0.6636
[2025-12-22 14:37:22,291] INFO - Epoch 12/30 | train_loss=0.3121 | val_loss=0.3677 | acc=0.8465 f1=0.7914 prec=0.9250 rec=0.6916
[2025-12-22 14:37:30,443] INFO - Epoch 13/30 | train_loss=0.3252 | val_loss=0.3275 | acc=0.8504 f1=0.7889 prec=0.9726 rec=0.6636
[2025-12-22 14:37:38,841] INFO - Epoch 14/30 | train_loss=0.2968 | val_loss=0.3274 | acc=0.8465 f1=0.8020 prec=0.8778 rec=0.7383
[2025-12-22 14:37:46,005] INFO - Epoch 15/30 | train_loss=0.2994 | val_loss=0.3402 | acc=0.8386 f1=0.8019 prec=0.8300 rec=0.7757
[2025-12-22 14:37:53,179] INFO - Epoch 16/30 | train_loss=0.3015 | val_loss=0.4000 | acc=0.8504 f1=0.7912 prec=0.9600 rec=0.6729
[2025-12-22 14:38:00,349] INFO - Epoch 17/30 | train_loss=0.2948 | val_loss=0.5069 | acc=0.8504 f1=0.7889 prec=0.9726 rec=0.6636
[2025-12-22 14:38:07,488] INFO - Epoch 18/30 | train_loss=0.2986 | val_loss=0.4066 | acc=0.8228 f1=0.7783 prec=0.8229 rec=0.7383
[2025-12-22 14:38:14,862] INFO - Epoch 19/30 | train_loss=0.2997 | val_loss=0.3268 | acc=0.8543 f1=0.8021 prec=0.9375 rec=0.7009
[2025-12-22 14:38:22,074] INFO - Epoch 20/30 | train_loss=0.2840 | val_loss=0.4825 | acc=0.8583 f1=0.8065 prec=0.9494 rec=0.7009
[2025-12-22 14:38:29,832] INFO - Epoch 21/30 | train_loss=0.3017 | val_loss=0.3252 | acc=0.8504 f1=0.7889 prec=0.9726 rec=0.6636
[2025-12-22 14:39:01,615] INFO - Device: cuda
[2025-12-22 14:39:11,654] INFO - Epoch 1/30 | train_loss=0.4836 | val_loss=0.4575 | acc=0.7441 f1=0.7471 prec=0.6400 rec=0.8972
[2025-12-22 14:39:11,672] INFO - Saved best model to: D:\Edge\MPNN1\checkpoints\im_mpnn_best.pt (best_f1=0.7471)
[2025-12-22 14:39:19,062] INFO - Epoch 2/30 | train_loss=0.4073 | val_loss=0.3560 | acc=0.7992 f1=0.7884 prec=0.7090 rec=0.8879
[2025-12-22 14:39:19,112] INFO - Saved best model to: D:\Edge\MPNN1\checkpoints\im_mpnn_best.pt (best_f1=0.7884)
[2025-12-22 14:39:27,379] INFO - Epoch 3/30 | train_loss=0.3884 | val_loss=0.3793 | acc=0.8071 f1=0.7841 prec=0.7417 rec=0.8318
[2025-12-22 14:39:35,587] INFO - Epoch 4/30 | train_loss=0.3492 | val_loss=0.3574 | acc=0.8228 f1=0.8035 prec=0.7541 rec=0.8598
[2025-12-22 14:39:35,640] INFO - Saved best model to: D:\Edge\MPNN1\checkpoints\im_mpnn_best.pt (best_f1=0.8035)
[2025-12-22 14:39:44,242] INFO - Epoch 5/30 | train_loss=0.3357 | val_loss=0.3412 | acc=0.8150 f1=0.7965 prec=0.7419 rec=0.8598
[2025-12-22 14:39:54,220] INFO - Epoch 6/30 | train_loss=0.3474 | val_loss=0.3563 | acc=0.7953 f1=0.7869 prec=0.7007 rec=0.8972
[2025-12-22 14:40:05,241] INFO - Epoch 7/30 | train_loss=0.3353 | val_loss=0.3506 | acc=0.8031 f1=0.7934 prec=0.7111 rec=0.8972
[2025-12-22 14:40:15,996] INFO - Epoch 8/30 | train_loss=0.3248 | val_loss=0.3717 | acc=0.8228 f1=0.7945 prec=0.7768 rec=0.8131
[2025-12-22 14:40:26,360] INFO - Epoch 9/30 | train_loss=0.3229 | val_loss=0.3693 | acc=0.8150 f1=0.7965 prec=0.7419 rec=0.8598
[2025-12-22 14:40:36,958] INFO - Epoch 10/30 | train_loss=0.3287 | val_loss=0.3572 | acc=0.7953 f1=0.8000 prec=0.6797 rec=0.9720
[2025-12-22 14:40:47,654] INFO - Epoch 11/30 | train_loss=0.3236 | val_loss=0.3664 | acc=0.8071 f1=0.7822 prec=0.7458 rec=0.8224
[2025-12-22 14:40:57,324] INFO - Epoch 12/30 | train_loss=0.3076 | val_loss=0.3836 | acc=0.8307 f1=0.8259 prec=0.7286 rec=0.9533
[2025-12-22 14:40:57,343] INFO - Saved best model to: D:\Edge\MPNN1\checkpoints\im_mpnn_best.pt (best_f1=0.8259)
[2025-12-22 14:41:07,956] INFO - Epoch 13/30 | train_loss=0.3116 | val_loss=0.3419 | acc=0.8110 f1=0.8017 prec=0.7185 rec=0.9065
[2025-12-22 14:41:18,246] INFO - Epoch 14/30 | train_loss=0.3113 | val_loss=0.3096 | acc=0.8346 f1=0.8174 prec=0.7642 rec=0.8785
[2025-12-22 14:41:28,490] INFO - Epoch 15/30 | train_loss=0.3064 | val_loss=0.3058 | acc=0.8268 f1=0.8211 prec=0.7266 rec=0.9439
[2025-12-22 14:41:38,269] INFO - Epoch 16/30 | train_loss=0.2953 | val_loss=0.3763 | acc=0.8228 f1=0.7982 prec=0.7672 rec=0.8318
[2025-12-22 14:41:47,551] INFO - Epoch 17/30 | train_loss=0.2925 | val_loss=0.3719 | acc=0.8346 f1=0.8142 prec=0.7731 rec=0.8598
[2025-12-22 14:41:57,882] INFO - Epoch 18/30 | train_loss=0.2975 | val_loss=0.4143 | acc=0.8110 f1=0.8017 prec=0.7185 rec=0.9065
[2025-12-22 14:42:08,613] INFO - Epoch 19/30 | train_loss=0.2895 | val_loss=0.3218 | acc=0.8268 f1=0.8151 prec=0.7405 rec=0.9065
[2025-12-22 14:42:18,815] INFO - Epoch 20/30 | train_loss=0.2845 | val_loss=0.4310 | acc=0.8071 f1=0.7897 prec=0.7302 rec=0.8598
[2025-12-22 14:42:29,206] INFO - Epoch 21/30 | train_loss=0.2949 | val_loss=0.3326 | acc=0.8031 f1=0.7807 prec=0.7355 rec=0.8318
[2025-12-22 14:42:39,931] INFO - Epoch 22/30 | train_loss=0.2842 | val_loss=0.4450 | acc=0.8189 f1=0.7982 prec=0.7521 rec=0.8505
[2025-12-22 14:42:48,072] INFO - Epoch 23/30 | train_loss=0.2877 | val_loss=0.3346 | acc=0.8031 f1=0.7881 prec=0.7209 rec=0.8692
[2025-12-22 14:42:56,634] INFO - Epoch 24/30 | train_loss=0.2644 | val_loss=0.3922 | acc=0.8386 f1=0.8161 prec=0.7845 rec=0.8505
[2025-12-22 14:43:05,475] INFO - Epoch 25/30 | train_loss=0.2829 | val_loss=0.5202 | acc=0.8228 f1=0.7926 prec=0.7818 rec=0.8037
[2025-12-22 14:43:14,417] INFO - Epoch 26/30 | train_loss=0.2842 | val_loss=0.3159 | acc=0.8346 f1=0.8264 prec=0.7407 rec=0.9346
[2025-12-22 14:43:14,435] INFO - Saved best model to: D:\Edge\MPNN1\checkpoints\im_mpnn_best.pt (best_f1=0.8264)
[2025-12-22 14:43:22,977] INFO - Epoch 27/30 | train_loss=0.2819 | val_loss=0.3538 | acc=0.8110 f1=0.7857 prec=0.7521 rec=0.8224
[2025-12-22 14:43:31,304] INFO - Epoch 28/30 | train_loss=0.2778 | val_loss=0.4468 | acc=0.7874 f1=0.7453 prec=0.7524 rec=0.7383
[2025-12-22 14:43:39,830] INFO - Epoch 29/30 | train_loss=0.2725 | val_loss=0.3496 | acc=0.8228 f1=0.8178 prec=0.7214 rec=0.9439
[2025-12-22 14:43:48,561] INFO - Epoch 30/30 | train_loss=0.2721 | val_loss=0.5020 | acc=0.8110 f1=0.7798 prec=0.7658 rec=0.7944
[2025-12-22 14:43:48,562] INFO - Loading best checkpoint: D:\Edge\MPNN1\checkpoints\im_mpnn_best.pt
[2025-12-22 14:43:49,030] INFO - [TEST] loss=0.2650 acc=0.8249 f1=0.8207 prec=0.7203 rec=0.9537
[2025-12-22 18:54:54,710] INFO - Device: cuda
